<?xml version="1.0" encoding="UTF-8"?>
<testsuites>
  <testsuite name="/Users/yosef/Documents/Projects/Eaglepoint/TASK-req_f1d20d3ece96/repo/phpunit.xml" tests="182" assertions="313" errors="0" failures="0" skipped="0" time="16.143181">
    <testsuite name="unit" tests="138" assertions="234" errors="0" failures="0" skipped="0" time="2.395611">
      <testsuite name="tests\services\ActivityServiceTest" file="/Users/yosef/Documents/Projects/Eaglepoint/TASK-req_f1d20d3ece96/repo/unit_tests/services/ActivityServiceTest.php" tests="25" assertions="47" errors="0" failures="0" skipped="0" time="0.036433">
        <testcase name="testListActivitiesLatestVersionIsShown" file="/Users/yosef/Documents/Projects/Eaglepoint/TASK-req_f1d20d3ece96/repo/unit_tests/services/ActivityServiceTest.php" line="72" class="tests\services\ActivityServiceTest" classname="tests.services.ActivityServiceTest" assertions="2" time="0.006781"/>
        <testcase name="testGetActivityReturnsMostRecentPublishedVersion" file="/Users/yosef/Documents/Projects/Eaglepoint/TASK-req_f1d20d3ece96/repo/unit_tests/services/ActivityServiceTest.php" line="115" class="tests\services\ActivityServiceTest" classname="tests.services.ActivityServiceTest" assertions="2" time="0.000713"/>
        <testcase name="testGetActivitySetsPendingDraftFlagWhenNewerDraftExists" file="/Users/yosef/Documents/Projects/Eaglepoint/TASK-req_f1d20d3ece96/repo/unit_tests/services/ActivityServiceTest.php" line="151" class="tests\services\ActivityServiceTest" classname="tests.services.ActivityServiceTest" assertions="1" time="0.000849"/>
        <testcase name="testGetActivityHasPendingDraftIsFalseWhenNoDraftExists" file="/Users/yosef/Documents/Projects/Eaglepoint/TASK-req_f1d20d3ece96/repo/unit_tests/services/ActivityServiceTest.php" line="186" class="tests\services\ActivityServiceTest" classname="tests.services.ActivityServiceTest" assertions="1" time="0.000790"/>
        <testcase name="testGetVersionsReturnsAllVersions" file="/Users/yosef/Documents/Projects/Eaglepoint/TASK-req_f1d20d3ece96/repo/unit_tests/services/ActivityServiceTest.php" line="358" class="tests\services\ActivityServiceTest" classname="tests.services.ActivityServiceTest" assertions="3" time="0.004120"/>
        <testcase name="testGetChangeLogRecordsChanges" file="/Users/yosef/Documents/Projects/Eaglepoint/TASK-req_f1d20d3ece96/repo/unit_tests/services/ActivityServiceTest.php" line="372" class="tests\services\ActivityServiceTest" classname="tests.services.ActivityServiceTest" assertions="3" time="0.001508"/>
        <testcase name="testListActivitiesReturnsOneRowPerGroupWhenMultipleVersionsExist" file="/Users/yosef/Documents/Projects/Eaglepoint/TASK-req_f1d20d3ece96/repo/unit_tests/services/ActivityServiceTest.php" line="34" class="tests\services\ActivityServiceTest" classname="tests.services.ActivityServiceTest" assertions="1" time="0.000688"/>
        <testcase name="testGetActivityThrows404WhenNotFound" file="/Users/yosef/Documents/Projects/Eaglepoint/TASK-req_f1d20d3ece96/repo/unit_tests/services/ActivityServiceTest.php" line="209" class="tests\services\ActivityServiceTest" classname="tests.services.ActivityServiceTest" assertions="2" time="0.000878"/>
        <testcase name="testCreateActivityReturnsActivityWithDraftState" file="/Users/yosef/Documents/Projects/Eaglepoint/TASK-req_f1d20d3ece96/repo/unit_tests/services/ActivityServiceTest.php" line="220" class="tests\services\ActivityServiceTest" classname="tests.services.ActivityServiceTest" assertions="3" time="0.000614"/>
        <testcase name="testCreateActivityThrowsWhenTitleIsMissing" file="/Users/yosef/Documents/Projects/Eaglepoint/TASK-req_f1d20d3ece96/repo/unit_tests/services/ActivityServiceTest.php" line="230" class="tests\services\ActivityServiceTest" classname="tests.services.ActivityServiceTest" assertions="2" time="0.000196"/>
        <testcase name="testUpdateDraftActivityModifiesExistingVersion" file="/Users/yosef/Documents/Projects/Eaglepoint/TASK-req_f1d20d3ece96/repo/unit_tests/services/ActivityServiceTest.php" line="243" class="tests\services\ActivityServiceTest" classname="tests.services.ActivityServiceTest" assertions="2" time="0.000986"/>
        <testcase name="testUpdatePublishedActivityCreatesNewVersion" file="/Users/yosef/Documents/Projects/Eaglepoint/TASK-req_f1d20d3ece96/repo/unit_tests/services/ActivityServiceTest.php" line="254" class="tests\services\ActivityServiceTest" classname="tests.services.ActivityServiceTest" assertions="3" time="0.001433"/>
        <testcase name="testPublishActivityTransitionsDraftToPublished" file="/Users/yosef/Documents/Projects/Eaglepoint/TASK-req_f1d20d3ece96/repo/unit_tests/services/ActivityServiceTest.php" line="271" class="tests\services\ActivityServiceTest" classname="tests.services.ActivityServiceTest" assertions="1" time="0.000976"/>
        <testcase name="testPublishThrowsWhenNotDraft" file="/Users/yosef/Documents/Projects/Eaglepoint/TASK-req_f1d20d3ece96/repo/unit_tests/services/ActivityServiceTest.php" line="281" class="tests\services\ActivityServiceTest" classname="tests.services.ActivityServiceTest" assertions="2" time="0.000978"/>
        <testcase name="testStartActivityTransitionsPublishedToInProgress" file="/Users/yosef/Documents/Projects/Eaglepoint/TASK-req_f1d20d3ece96/repo/unit_tests/services/ActivityServiceTest.php" line="292" class="tests\services\ActivityServiceTest" classname="tests.services.ActivityServiceTest" assertions="1" time="0.001161"/>
        <testcase name="testStartThrowsWhenNotPublished" file="/Users/yosef/Documents/Projects/Eaglepoint/TASK-req_f1d20d3ece96/repo/unit_tests/services/ActivityServiceTest.php" line="303" class="tests\services\ActivityServiceTest" classname="tests.services.ActivityServiceTest" assertions="2" time="0.000630"/>
        <testcase name="testCompleteActivityTransitionsInProgressToCompleted" file="/Users/yosef/Documents/Projects/Eaglepoint/TASK-req_f1d20d3ece96/repo/unit_tests/services/ActivityServiceTest.php" line="313" class="tests\services\ActivityServiceTest" classname="tests.services.ActivityServiceTest" assertions="1" time="0.001453"/>
        <testcase name="testSignupUserSucceedsForPublishedActivity" file="/Users/yosef/Documents/Projects/Eaglepoint/TASK-req_f1d20d3ece96/repo/unit_tests/services/ActivityServiceTest.php" line="390" class="tests\services\ActivityServiceTest" classname="tests.services.ActivityServiceTest" assertions="2" time="0.001123"/>
        <testcase name="testSignupThrowsWhenActivityNotPublished" file="/Users/yosef/Documents/Projects/Eaglepoint/TASK-req_f1d20d3ece96/repo/unit_tests/services/ActivityServiceTest.php" line="402" class="tests\services\ActivityServiceTest" classname="tests.services.ActivityServiceTest" assertions="2" time="0.000638"/>
        <testcase name="testSignupThrowsWhenAlreadySignedUp" file="/Users/yosef/Documents/Projects/Eaglepoint/TASK-req_f1d20d3ece96/repo/unit_tests/services/ActivityServiceTest.php" line="412" class="tests\services\ActivityServiceTest" classname="tests.services.ActivityServiceTest" assertions="2" time="0.001162"/>
        <testcase name="testSignupThrowsWhenActivityIsFull" file="/Users/yosef/Documents/Projects/Eaglepoint/TASK-req_f1d20d3ece96/repo/unit_tests/services/ActivityServiceTest.php" line="424" class="tests\services\ActivityServiceTest" classname="tests.services.ActivityServiceTest" assertions="2" time="0.001206"/>
        <testcase name="testCancelSignupSetsStatusToCancelled" file="/Users/yosef/Documents/Projects/Eaglepoint/TASK-req_f1d20d3ece96/repo/unit_tests/services/ActivityServiceTest.php" line="440" class="tests\services\ActivityServiceTest" classname="tests.services.ActivityServiceTest" assertions="1" time="0.001174"/>
        <testcase name="testArchiveActivityTransitionsCompletedToArchived" file="/Users/yosef/Documents/Projects/Eaglepoint/TASK-req_f1d20d3ece96/repo/unit_tests/services/ActivityServiceTest.php" line="325" class="tests\services\ActivityServiceTest" classname="tests.services.ActivityServiceTest" assertions="1" time="0.001640"/>
        <testcase name="testUpdateArchivedActivityCreatesNewVersion" file="/Users/yosef/Documents/Projects/Eaglepoint/TASK-req_f1d20d3ece96/repo/unit_tests/services/ActivityServiceTest.php" line="338" class="tests\services\ActivityServiceTest" classname="tests.services.ActivityServiceTest" assertions="3" time="0.002135"/>
        <testcase name="testListActivitiesFiltersByState" file="/Users/yosef/Documents/Projects/Eaglepoint/TASK-req_f1d20d3ece96/repo/unit_tests/services/ActivityServiceTest.php" line="453" class="tests\services\ActivityServiceTest" classname="tests.services.ActivityServiceTest" assertions="2" time="0.002602"/>
      </testsuite>
      <testsuite name="tests\services\AuthServiceTest" file="/Users/yosef/Documents/Projects/Eaglepoint/TASK-req_f1d20d3ece96/repo/unit_tests/services/AuthServiceTest.php" tests="11" assertions="14" errors="0" failures="0" skipped="0" time="1.884676">
        <testcase name="testIsLockedReturnsFalseWhenNotLocked" file="/Users/yosef/Documents/Projects/Eaglepoint/TASK-req_f1d20d3ece96/repo/unit_tests/services/AuthServiceTest.php" line="49" class="tests\services\AuthServiceTest" classname="tests.services.AuthServiceTest" assertions="1" time="0.000212"/>
        <testcase name="testIsLockedReturnsTrueWhenLockedInFuture" file="/Users/yosef/Documents/Projects/Eaglepoint/TASK-req_f1d20d3ece96/repo/unit_tests/services/AuthServiceTest.php" line="57" class="tests\services\AuthServiceTest" classname="tests.services.AuthServiceTest" assertions="1" time="0.000107"/>
        <testcase name="testIsLockedReturnsFalseWhenLockedInPast" file="/Users/yosef/Documents/Projects/Eaglepoint/TASK-req_f1d20d3ece96/repo/unit_tests/services/AuthServiceTest.php" line="65" class="tests\services\AuthServiceTest" classname="tests.services.AuthServiceTest" assertions="1" time="0.000082"/>
        <testcase name="testRecordFailedAttemptIncrementsCounter" file="/Users/yosef/Documents/Projects/Eaglepoint/TASK-req_f1d20d3ece96/repo/unit_tests/services/AuthServiceTest.php" line="100" class="tests\services\AuthServiceTest" classname="tests.services.AuthServiceTest" assertions="1" time="0.000088"/>
        <testcase name="testResetFailedAttemptsClearsLock" file="/Users/yosef/Documents/Projects/Eaglepoint/TASK-req_f1d20d3ece96/repo/unit_tests/services/AuthServiceTest.php" line="108" class="tests\services\AuthServiceTest" classname="tests.services.AuthServiceTest" assertions="2" time="0.000152"/>
        <testcase name="testSaltIs32HexCharacters" file="/Users/yosef/Documents/Projects/Eaglepoint/TASK-req_f1d20d3ece96/repo/unit_tests/services/AuthServiceTest.php" line="81" class="tests\services\AuthServiceTest" classname="tests.services.AuthServiceTest" assertions="1" time="0.187791"/>
        <testcase name="testPasswordHashUsesBcryptAlgorithm" file="/Users/yosef/Documents/Projects/Eaglepoint/TASK-req_f1d20d3ece96/repo/unit_tests/services/AuthServiceTest.php" line="73" class="tests\services\AuthServiceTest" classname="tests.services.AuthServiceTest" assertions="1" time="0.188840"/>
        <testcase name="testVerifyPasswordReturnsFalseForWrongPassword" file="/Users/yosef/Documents/Projects/Eaglepoint/TASK-req_f1d20d3ece96/repo/unit_tests/services/AuthServiceTest.php" line="25" class="tests\services\AuthServiceTest" classname="tests.services.AuthServiceTest" assertions="1" time="0.376279"/>
        <testcase name="testSetPasswordHashesPassword" file="/Users/yosef/Documents/Projects/Eaglepoint/TASK-req_f1d20d3ece96/repo/unit_tests/services/AuthServiceTest.php" line="37" class="tests\services\AuthServiceTest" classname="tests.services.AuthServiceTest" assertions="3" time="0.377329"/>
        <testcase name="testDifferentSaltPerPassword" file="/Users/yosef/Documents/Projects/Eaglepoint/TASK-req_f1d20d3ece96/repo/unit_tests/services/AuthServiceTest.php" line="89" class="tests\services\AuthServiceTest" classname="tests.services.AuthServiceTest" assertions="1" time="0.378488"/>
        <testcase name="testVerifyPassword" file="/Users/yosef/Documents/Projects/Eaglepoint/TASK-req_f1d20d3ece96/repo/unit_tests/services/AuthServiceTest.php" line="12" class="tests\services\AuthServiceTest" classname="tests.services.AuthServiceTest" assertions="1" time="0.375308"/>
      </testsuite>
      <testsuite name="tests\services\ChecklistServiceTest" file="/Users/yosef/Documents/Projects/Eaglepoint/TASK-req_f1d20d3ece96/repo/unit_tests/services/ChecklistServiceTest.php" tests="7" assertions="10" errors="0" failures="0" skipped="0" time="0.005033">
        <testcase name="testCreateChecklistSucceedsForActivityOwner" file="/Users/yosef/Documents/Projects/Eaglepoint/TASK-req_f1d20d3ece96/repo/unit_tests/services/ChecklistServiceTest.php" line="97" class="tests\services\ChecklistServiceTest" classname="tests.services.ChecklistServiceTest" assertions="1" time="0.002425"/>
        <testcase name="testCreateChecklistSucceedsForAdmin" file="/Users/yosef/Documents/Projects/Eaglepoint/TASK-req_f1d20d3ece96/repo/unit_tests/services/ChecklistServiceTest.php" line="104" class="tests\services\ChecklistServiceTest" classname="tests.services.ChecklistServiceTest" assertions="1" time="0.000307"/>
        <testcase name="testCompleteItemSucceedsForActivityOwner" file="/Users/yosef/Documents/Projects/Eaglepoint/TASK-req_f1d20d3ece96/repo/unit_tests/services/ChecklistServiceTest.php" line="48" class="tests\services\ChecklistServiceTest" classname="tests.services.ChecklistServiceTest" assertions="1" time="0.000549"/>
        <testcase name="testCompleteItemSucceedsForAdmin" file="/Users/yosef/Documents/Projects/Eaglepoint/TASK-req_f1d20d3ece96/repo/unit_tests/services/ChecklistServiceTest.php" line="58" class="tests\services\ChecklistServiceTest" classname="tests.services.ChecklistServiceTest" assertions="1" time="0.000437"/>
        <testcase name="testCompleteItemThrows403ForNonOwner" file="/Users/yosef/Documents/Projects/Eaglepoint/TASK-req_f1d20d3ece96/repo/unit_tests/services/ChecklistServiceTest.php" line="68" class="tests\services\ChecklistServiceTest" classname="tests.services.ChecklistServiceTest" assertions="2" time="0.000455"/>
        <testcase name="testCreateChecklistThrows403ForNonOwner" file="/Users/yosef/Documents/Projects/Eaglepoint/TASK-req_f1d20d3ece96/repo/unit_tests/services/ChecklistServiceTest.php" line="111" class="tests\services\ChecklistServiceTest" classname="tests.services.ChecklistServiceTest" assertions="2" time="0.000228"/>
        <testcase name="testCompleteItemTogglesCompletion" file="/Users/yosef/Documents/Projects/Eaglepoint/TASK-req_f1d20d3ece96/repo/unit_tests/services/ChecklistServiceTest.php" line="80" class="tests\services\ChecklistServiceTest" classname="tests.services.ChecklistServiceTest" assertions="2" time="0.000632"/>
      </testsuite>
      <testsuite name="tests\services\OrderServiceTest" file="/Users/yosef/Documents/Projects/Eaglepoint/TASK-req_f1d20d3ece96/repo/unit_tests/services/OrderServiceTest.php" tests="31" assertions="50" errors="0" failures="0" skipped="0" time="0.013633">
        <testcase name="testCancelThrowsWhenOrderIsTicketed" file="/Users/yosef/Documents/Projects/Eaglepoint/TASK-req_f1d20d3ece96/repo/unit_tests/services/OrderServiceTest.php" line="35" class="tests\services\OrderServiceTest" classname="tests.services.OrderServiceTest" assertions="2" time="0.001072"/>
        <testcase name="testCancelThrowsWhenOrderIsClosed" file="/Users/yosef/Documents/Projects/Eaglepoint/TASK-req_f1d20d3ece96/repo/unit_tests/services/OrderServiceTest.php" line="44" class="tests\services\OrderServiceTest" classname="tests.services.OrderServiceTest" assertions="2" time="0.000320"/>
        <testcase name="testCancelSucceedsForPlacedOrder" file="/Users/yosef/Documents/Projects/Eaglepoint/TASK-req_f1d20d3ece96/repo/unit_tests/services/OrderServiceTest.php" line="53" class="tests\services\OrderServiceTest" classname="tests.services.OrderServiceTest" assertions="1" time="0.000626"/>
        <testcase name="testRefundThrowsWhenCallerIsNotAdministrator" file="/Users/yosef/Documents/Projects/Eaglepoint/TASK-req_f1d20d3ece96/repo/unit_tests/services/OrderServiceTest.php" line="91" class="tests\services\OrderServiceTest" classname="tests.services.OrderServiceTest" assertions="2" time="0.000293"/>
        <testcase name="testCloseThrowsWhenOrderIsNotTicketed" file="/Users/yosef/Documents/Projects/Eaglepoint/TASK-req_f1d20d3ece96/repo/unit_tests/services/OrderServiceTest.php" line="112" class="tests\services\OrderServiceTest" classname="tests.services.OrderServiceTest" assertions="2" time="0.000278"/>
        <testcase name="testCloseSucceedsForTicketedOrder" file="/Users/yosef/Documents/Projects/Eaglepoint/TASK-req_f1d20d3ece96/repo/unit_tests/services/OrderServiceTest.php" line="121" class="tests\services\OrderServiceTest" classname="tests.services.OrderServiceTest" assertions="1" time="0.000530"/>
        <testcase name="testCancelBySystemSetsStateToCanceled" file="/Users/yosef/Documents/Projects/Eaglepoint/TASK-req_f1d20d3ece96/repo/unit_tests/services/OrderServiceTest.php" line="133" class="tests\services\OrderServiceTest" classname="tests.services.OrderServiceTest" assertions="1" time="0.000564"/>
        <testcase name="testCancelBySystemThrowsWhenOrderIsNotPendingPayment" file="/Users/yosef/Documents/Projects/Eaglepoint/TASK-req_f1d20d3ece96/repo/unit_tests/services/OrderServiceTest.php" line="155" class="tests\services\OrderServiceTest" classname="tests.services.OrderServiceTest" assertions="2" time="0.000291"/>
        <testcase name="testRefundSucceedsForAdministrator" file="/Users/yosef/Documents/Projects/Eaglepoint/TASK-req_f1d20d3ece96/repo/unit_tests/services/OrderServiceTest.php" line="100" class="tests\services\OrderServiceTest" classname="tests.services.OrderServiceTest" assertions="1" time="0.000509"/>
        <testcase name="testCancelBySystemWritesHistoryWithChangedByZero" file="/Users/yosef/Documents/Projects/Eaglepoint/TASK-req_f1d20d3ece96/repo/unit_tests/services/OrderServiceTest.php" line="141" class="tests\services\OrderServiceTest" classname="tests.services.OrderServiceTest" assertions="3" time="0.000588"/>
        <testcase name="testGetHistoryReturnsStateChanges" file="/Users/yosef/Documents/Projects/Eaglepoint/TASK-req_f1d20d3ece96/repo/unit_tests/services/OrderServiceTest.php" line="260" class="tests\services\OrderServiceTest" classname="tests.services.OrderServiceTest" assertions="2" time="0.000637"/>
        <testcase name="testApproveAddressCorrectionSucceedsForReviewer" file="/Users/yosef/Documents/Projects/Eaglepoint/TASK-req_f1d20d3ece96/repo/unit_tests/services/OrderServiceTest.php" line="353" class="tests\services\OrderServiceTest" classname="tests.services.OrderServiceTest" assertions="1" time="0.000976"/>
        <testcase name="testCancelThrowsWhenOrderIsPaid" file="/Users/yosef/Documents/Projects/Eaglepoint/TASK-req_f1d20d3ece96/repo/unit_tests/services/OrderServiceTest.php" line="61" class="tests\services\OrderServiceTest" classname="tests.services.OrderServiceTest" assertions="2" time="0.000296"/>
        <testcase name="testCancelThrowsWhenOrderIsPaidEvenForAdmin" file="/Users/yosef/Documents/Projects/Eaglepoint/TASK-req_f1d20d3ece96/repo/unit_tests/services/OrderServiceTest.php" line="70" class="tests\services\OrderServiceTest" classname="tests.services.OrderServiceTest" assertions="2" time="0.000280"/>
        <testcase name="testCancelSucceedsForPendingPaymentOrder" file="/Users/yosef/Documents/Projects/Eaglepoint/TASK-req_f1d20d3ece96/repo/unit_tests/services/OrderServiceTest.php" line="79" class="tests\services\OrderServiceTest" classname="tests.services.OrderServiceTest" assertions="1" time="0.000508"/>
        <testcase name="testCreateOrderThrowsWhenActivityIdMissing" file="/Users/yosef/Documents/Projects/Eaglepoint/TASK-req_f1d20d3ece96/repo/unit_tests/services/OrderServiceTest.php" line="183" class="tests\services\OrderServiceTest" classname="tests.services.OrderServiceTest" assertions="2" time="0.000176"/>
        <testcase name="testCreateOrderThrowsWhenActivityNotFound" file="/Users/yosef/Documents/Projects/Eaglepoint/TASK-req_f1d20d3ece96/repo/unit_tests/services/OrderServiceTest.php" line="191" class="tests\services\OrderServiceTest" classname="tests.services.OrderServiceTest" assertions="2" time="0.000208"/>
        <testcase name="testInitiatePaymentTransitionsToPlacedToPending" file="/Users/yosef/Documents/Projects/Eaglepoint/TASK-req_f1d20d3ece96/repo/unit_tests/services/OrderServiceTest.php" line="203" class="tests\services\OrderServiceTest" classname="tests.services.OrderServiceTest" assertions="2" time="0.000524"/>
        <testcase name="testInitiatePaymentThrowsWhenNotPlaced" file="/Users/yosef/Documents/Projects/Eaglepoint/TASK-req_f1d20d3ece96/repo/unit_tests/services/OrderServiceTest.php" line="213" class="tests\services\OrderServiceTest" classname="tests.services.OrderServiceTest" assertions="2" time="0.000280"/>
        <testcase name="testConfirmPaymentTransitionsToPaid" file="/Users/yosef/Documents/Projects/Eaglepoint/TASK-req_f1d20d3ece96/repo/unit_tests/services/OrderServiceTest.php" line="222" class="tests\services\OrderServiceTest" classname="tests.services.OrderServiceTest" assertions="1" time="0.000527"/>
        <testcase name="testStartTicketingTransitionsPaidToTicketing" file="/Users/yosef/Documents/Projects/Eaglepoint/TASK-req_f1d20d3ece96/repo/unit_tests/services/OrderServiceTest.php" line="238" class="tests\services\OrderServiceTest" classname="tests.services.OrderServiceTest" assertions="1" time="0.000498"/>
        <testcase name="testAddTicketTransitionsTicketingToTicketed" file="/Users/yosef/Documents/Projects/Eaglepoint/TASK-req_f1d20d3ece96/repo/unit_tests/services/OrderServiceTest.php" line="246" class="tests\services\OrderServiceTest" classname="tests.services.OrderServiceTest" assertions="2" time="0.000504"/>
        <testcase name="testGetHistoryThrows403ForUnauthorizedUser" file="/Users/yosef/Documents/Projects/Eaglepoint/TASK-req_f1d20d3ece96/repo/unit_tests/services/OrderServiceTest.php" line="272" class="tests\services\OrderServiceTest" classname="tests.services.OrderServiceTest" assertions="2" time="0.000283"/>
        <testcase name="testGetOrderReturnsNullForUnauthorizedUser" file="/Users/yosef/Documents/Projects/Eaglepoint/TASK-req_f1d20d3ece96/repo/unit_tests/services/OrderServiceTest.php" line="284" class="tests\services\OrderServiceTest" classname="tests.services.OrderServiceTest" assertions="1" time="0.000269"/>
        <testcase name="testGetOrderReturnsOrderForOwner" file="/Users/yosef/Documents/Projects/Eaglepoint/TASK-req_f1d20d3ece96/repo/unit_tests/services/OrderServiceTest.php" line="291" class="tests\services\OrderServiceTest" classname="tests.services.OrderServiceTest" assertions="2" time="0.000313"/>
        <testcase name="testUpdateOrderModifiesNotes" file="/Users/yosef/Documents/Projects/Eaglepoint/TASK-req_f1d20d3ece96/repo/unit_tests/services/OrderServiceTest.php" line="303" class="tests\services\OrderServiceTest" classname="tests.services.OrderServiceTest" assertions="1" time="0.000330"/>
        <testcase name="testUpdateOrderThrowsForClosedOrder" file="/Users/yosef/Documents/Projects/Eaglepoint/TASK-req_f1d20d3ece96/repo/unit_tests/services/OrderServiceTest.php" line="311" class="tests\services\OrderServiceTest" classname="tests.services.OrderServiceTest" assertions="2" time="0.000274"/>
        <testcase name="testRequestAddressCorrectionOnClosedOrder" file="/Users/yosef/Documents/Projects/Eaglepoint/TASK-req_f1d20d3ece96/repo/unit_tests/services/OrderServiceTest.php" line="324" class="tests\services\OrderServiceTest" classname="tests.services.OrderServiceTest" assertions="1" time="0.000374"/>
        <testcase name="testRequestAddressCorrectionFailsOnNonClosedOrder" file="/Users/yosef/Documents/Projects/Eaglepoint/TASK-req_f1d20d3ece96/repo/unit_tests/services/OrderServiceTest.php" line="333" class="tests\services\OrderServiceTest" classname="tests.services.OrderServiceTest" assertions="1" time="0.000275"/>
        <testcase name="testApproveAddressCorrectionRequiresReviewerRole" file="/Users/yosef/Documents/Projects/Eaglepoint/TASK-req_f1d20d3ece96/repo/unit_tests/services/OrderServiceTest.php" line="342" class="tests\services\OrderServiceTest" classname="tests.services.OrderServiceTest" assertions="1" time="0.000400"/>
        <testcase name="testCreateOrderReturnsPlacedOrder" file="/Users/yosef/Documents/Projects/Eaglepoint/TASK-req_f1d20d3ece96/repo/unit_tests/services/OrderServiceTest.php" line="167" class="tests\services\OrderServiceTest" classname="tests.services.OrderServiceTest" assertions="2" time="0.000629"/>
      </testsuite>
      <testsuite name="tests\services\SearchServiceTest" file="/Users/yosef/Documents/Projects/Eaglepoint/TASK-req_f1d20d3ece96/repo/unit_tests/services/SearchServiceTest.php" tests="24" assertions="36" errors="0" failures="0" skipped="0" time="0.059289">
        <testcase name="testCleanupDoesNotRemoveRecentOrphanedEntries" file="/Users/yosef/Documents/Projects/Eaglepoint/TASK-req_f1d20d3ece96/repo/unit_tests/services/SearchServiceTest.php" line="218" class="tests\services\SearchServiceTest" classname="tests.services.SearchServiceTest" assertions="1" time="0.000466"/>
        <testcase name="testSearchWithSqlInjectionQueryReturnsValidArray" file="/Users/yosef/Documents/Projects/Eaglepoint/TASK-req_f1d20d3ece96/repo/unit_tests/services/SearchServiceTest.php" line="35" class="tests\services\SearchServiceTest" classname="tests.services.SearchServiceTest" assertions="3" time="0.001179"/>
        <testcase name="testSearchWithSingleQuoteInQueryDoesNotThrow" file="/Users/yosef/Documents/Projects/Eaglepoint/TASK-req_f1d20d3ece96/repo/unit_tests/services/SearchServiceTest.php" line="57" class="tests\services\SearchServiceTest" classname="tests.services.SearchServiceTest" assertions="1" time="0.000750"/>
        <testcase name="testSearchSortsByReplyCount" file="/Users/yosef/Documents/Projects/Eaglepoint/TASK-req_f1d20d3ece96/repo/unit_tests/services/SearchServiceTest.php" line="102" class="tests\services\SearchServiceTest" classname="tests.services.SearchServiceTest" assertions="1" time="0.001080"/>
        <testcase name="testCleanupRemovesOrphanedIndexEntriesOlderThan7Days" file="/Users/yosef/Documents/Projects/Eaglepoint/TASK-req_f1d20d3ece96/repo/unit_tests/services/SearchServiceTest.php" line="199" class="tests\services\SearchServiceTest" classname="tests.services.SearchServiceTest" assertions="3" time="0.001239"/>
        <testcase name="testSearchWithWildcardPayloadDoesNotThrow" file="/Users/yosef/Documents/Projects/Eaglepoint/TASK-req_f1d20d3ece96/repo/unit_tests/services/SearchServiceTest.php" line="50" class="tests\services\SearchServiceTest" classname="tests.services.SearchServiceTest" assertions="2" time="0.001815"/>
        <testcase name="testSearchWithDropTablePayloadReturnsValidArray" file="/Users/yosef/Documents/Projects/Eaglepoint/TASK-req_f1d20d3ece96/repo/unit_tests/services/SearchServiceTest.php" line="43" class="tests\services\SearchServiceTest" classname="tests.services.SearchServiceTest" assertions="2" time="0.004700"/>
        <testcase name="testIndexCreatesNewEntry" file="/Users/yosef/Documents/Projects/Eaglepoint/TASK-req_f1d20d3ece96/repo/unit_tests/services/SearchServiceTest.php" line="136" class="tests\services\SearchServiceTest" classname="tests.services.SearchServiceTest" assertions="2" time="0.000323"/>
        <testcase name="testIndexUpdatesExistingEntry" file="/Users/yosef/Documents/Projects/Eaglepoint/TASK-req_f1d20d3ece96/repo/unit_tests/services/SearchServiceTest.php" line="145" class="tests\services\SearchServiceTest" classname="tests.services.SearchServiceTest" assertions="1" time="0.000434"/>
        <testcase name="testRemoveDeletesEntry" file="/Users/yosef/Documents/Projects/Eaglepoint/TASK-req_f1d20d3ece96/repo/unit_tests/services/SearchServiceTest.php" line="154" class="tests\services\SearchServiceTest" classname="tests.services.SearchServiceTest" assertions="1" time="0.000307"/>
        <testcase name="testSuggestReturnsTitleMatches" file="/Users/yosef/Documents/Projects/Eaglepoint/TASK-req_f1d20d3ece96/repo/unit_tests/services/SearchServiceTest.php" line="167" class="tests\services\SearchServiceTest" classname="tests.services.SearchServiceTest" assertions="1" time="0.000323"/>
        <testcase name="testRebuildReindexesAllEntities" file="/Users/yosef/Documents/Projects/Eaglepoint/TASK-req_f1d20d3ece96/repo/unit_tests/services/SearchServiceTest.php" line="241" class="tests\services\SearchServiceTest" classname="tests.services.SearchServiceTest" assertions="2" time="0.000821"/>
        <testcase name="testSearchSortsByPopularity" file="/Users/yosef/Documents/Projects/Eaglepoint/TASK-req_f1d20d3ece96/repo/unit_tests/services/SearchServiceTest.php" line="96" class="tests\services\SearchServiceTest" classname="tests.services.SearchServiceTest" assertions="1" time="0.001477"/>
        <testcase name="testGetDidYouMeanReturnsNullWhenNoSuggestion" file="/Users/yosef/Documents/Projects/Eaglepoint/TASK-req_f1d20d3ece96/repo/unit_tests/services/SearchServiceTest.php" line="278" class="tests\services\SearchServiceTest" classname="tests.services.SearchServiceTest" assertions="1" time="0.002461"/>
        <testcase name="testSearchLogisticsSortsByTracking" file="/Users/yosef/Documents/Projects/Eaglepoint/TASK-req_f1d20d3ece96/repo/unit_tests/services/SearchServiceTest.php" line="331" class="tests\services\SearchServiceTest" classname="tests.services.SearchServiceTest" assertions="1" time="0.001536"/>
        <testcase name="testSearchFindsIndexedContent" file="/Users/yosef/Documents/Projects/Eaglepoint/TASK-req_f1d20d3ece96/repo/unit_tests/services/SearchServiceTest.php" line="67" class="tests\services\SearchServiceTest" classname="tests.services.SearchServiceTest" assertions="1" time="0.003135"/>
        <testcase name="testSearchSortsByRecency" file="/Users/yosef/Documents/Projects/Eaglepoint/TASK-req_f1d20d3ece96/repo/unit_tests/services/SearchServiceTest.php" line="87" class="tests\services\SearchServiceTest" classname="tests.services.SearchServiceTest" assertions="2" time="0.003380"/>
        <testcase name="testSearchReturnsHighlights" file="/Users/yosef/Documents/Projects/Eaglepoint/TASK-req_f1d20d3ece96/repo/unit_tests/services/SearchServiceTest.php" line="108" class="tests\services\SearchServiceTest" classname="tests.services.SearchServiceTest" assertions="1" time="0.003645"/>
        <testcase name="testSearchWithoutHighlights" file="/Users/yosef/Documents/Projects/Eaglepoint/TASK-req_f1d20d3ece96/repo/unit_tests/services/SearchServiceTest.php" line="120" class="tests\services\SearchServiceTest" classname="tests.services.SearchServiceTest" assertions="1" time="0.004093"/>
        <testcase name="testSearchLogisticsFiltersByOrderType" file="/Users/yosef/Documents/Projects/Eaglepoint/TASK-req_f1d20d3ece96/repo/unit_tests/services/SearchServiceTest.php" line="180" class="tests\services\SearchServiceTest" classname="tests.services.SearchServiceTest" assertions="1" time="0.004031"/>
        <testcase name="testHighlightsEscapeHtmlContent" file="/Users/yosef/Documents/Projects/Eaglepoint/TASK-req_f1d20d3ece96/repo/unit_tests/services/SearchServiceTest.php" line="304" class="tests\services\SearchServiceTest" classname="tests.services.SearchServiceTest" assertions="1" time="0.003965"/>
        <testcase name="testSearchLogisticsSortsByPopularity" file="/Users/yosef/Documents/Projects/Eaglepoint/TASK-req_f1d20d3ece96/repo/unit_tests/services/SearchServiceTest.php" line="323" class="tests\services\SearchServiceTest" classname="tests.services.SearchServiceTest" assertions="1" time="0.005144"/>
        <testcase name="testSearchResultsEscapeHtmlInTitleAndBody" file="/Users/yosef/Documents/Projects/Eaglepoint/TASK-req_f1d20d3ece96/repo/unit_tests/services/SearchServiceTest.php" line="289" class="tests\services\SearchServiceTest" classname="tests.services.SearchServiceTest" assertions="3" time="0.005916"/>
        <testcase name="testSearchFiltersByEntityType" file="/Users/yosef/Documents/Projects/Eaglepoint/TASK-req_f1d20d3ece96/repo/unit_tests/services/SearchServiceTest.php" line="76" class="tests\services\SearchServiceTest" classname="tests.services.SearchServiceTest" assertions="2" time="0.007069"/>
      </testsuite>
      <testsuite name="tests\services\ViolationServiceTest" file="/Users/yosef/Documents/Projects/Eaglepoint/TASK-req_f1d20d3ece96/repo/unit_tests/services/ViolationServiceTest.php" tests="26" assertions="49" errors="0" failures="0" skipped="0" time="0.389189">
        <testcase name="testGetViolationSucceedsForOwner" file="/Users/yosef/Documents/Projects/Eaglepoint/TASK-req_f1d20d3ece96/repo/unit_tests/services/ViolationServiceTest.php" line="84" class="tests\services\ViolationServiceTest" classname="tests.services.ViolationServiceTest" assertions="2" time="0.001161"/>
        <testcase name="testGetViolationSucceedsForAdministrator" file="/Users/yosef/Documents/Projects/Eaglepoint/TASK-req_f1d20d3ece96/repo/unit_tests/services/ViolationServiceTest.php" line="92" class="tests\services\ViolationServiceTest" classname="tests.services.ViolationServiceTest" assertions="1" time="0.000459"/>
        <testcase name="testListRulesReturnsAllRules" file="/Users/yosef/Documents/Projects/Eaglepoint/TASK-req_f1d20d3ece96/repo/unit_tests/services/ViolationServiceTest.php" line="110" class="tests\services\ViolationServiceTest" classname="tests.services.ViolationServiceTest" assertions="2" time="0.000298"/>
        <testcase name="testGetUserViolationsExcludesRejected" file="/Users/yosef/Documents/Projects/Eaglepoint/TASK-req_f1d20d3ece96/repo/unit_tests/services/ViolationServiceTest.php" line="221" class="tests\services\ViolationServiceTest" classname="tests.services.ViolationServiceTest" assertions="2" time="0.000572"/>
        <testcase name="testListViolationsForRegularUserReturnsOnlyOwnViolations" file="/Users/yosef/Documents/Projects/Eaglepoint/TASK-req_f1d20d3ece96/repo/unit_tests/services/ViolationServiceTest.php" line="49" class="tests\services\ViolationServiceTest" classname="tests.services.ViolationServiceTest" assertions="3" time="0.000683"/>
        <testcase name="testListViolationsForAdminReturnsAll" file="/Users/yosef/Documents/Projects/Eaglepoint/TASK-req_f1d20d3ece96/repo/unit_tests/services/ViolationServiceTest.php" line="63" class="tests\services\ViolationServiceTest" classname="tests.services.ViolationServiceTest" assertions="2" time="0.000604"/>
        <testcase name="testGetViolationThrows403ForRegularUserAccessingOthersViolation" file="/Users/yosef/Documents/Projects/Eaglepoint/TASK-req_f1d20d3ece96/repo/unit_tests/services/ViolationServiceTest.php" line="76" class="tests\services\ViolationServiceTest" classname="tests.services.ViolationServiceTest" assertions="2" time="0.000347"/>
        <testcase name="testGetUserViolationsReturnsTotalPoints" file="/Users/yosef/Documents/Projects/Eaglepoint/TASK-req_f1d20d3ece96/repo/unit_tests/services/ViolationServiceTest.php" line="211" class="tests\services\ViolationServiceTest" classname="tests.services.ViolationServiceTest" assertions="2" time="0.000623"/>
        <testcase name="testGetGroupViolationsAggregatesMemberPoints" file="/Users/yosef/Documents/Projects/Eaglepoint/TASK-req_f1d20d3ece96/repo/unit_tests/services/ViolationServiceTest.php" line="233" class="tests\services\ViolationServiceTest" classname="tests.services.ViolationServiceTest" assertions="2" time="0.000986"/>
        <testcase name="testCreateViolationAssignsRulePoints" file="/Users/yosef/Documents/Projects/Eaglepoint/TASK-req_f1d20d3ece96/repo/unit_tests/services/ViolationServiceTest.php" line="184" class="tests\services\ViolationServiceTest" classname="tests.services.ViolationServiceTest" assertions="2" time="0.188579"/>
        <testcase name="testFinalDecisionRejectRejectsViolation" file="/Users/yosef/Documents/Projects/Eaglepoint/TASK-req_f1d20d3ece96/repo/unit_tests/services/ViolationServiceTest.php" line="363" class="tests\services\ViolationServiceTest" classname="tests.services.ViolationServiceTest" assertions="1" time="0.188734"/>
        <testcase name="testGetViolationThrows404WhenNotFound" file="/Users/yosef/Documents/Projects/Eaglepoint/TASK-req_f1d20d3ece96/repo/unit_tests/services/ViolationServiceTest.php" line="99" class="tests\services\ViolationServiceTest" classname="tests.services.ViolationServiceTest" assertions="2" time="0.000272"/>
        <testcase name="testGetRuleReturnsRule" file="/Users/yosef/Documents/Projects/Eaglepoint/TASK-req_f1d20d3ece96/repo/unit_tests/services/ViolationServiceTest.php" line="118" class="tests\services\ViolationServiceTest" classname="tests.services.ViolationServiceTest" assertions="2" time="0.000273"/>
        <testcase name="testGetRuleThrows404WhenNotFound" file="/Users/yosef/Documents/Projects/Eaglepoint/TASK-req_f1d20d3ece96/repo/unit_tests/services/ViolationServiceTest.php" line="125" class="tests\services\ViolationServiceTest" classname="tests.services.ViolationServiceTest" assertions="2" time="0.000252"/>
        <testcase name="testCreateRuleReturnsNewRule" file="/Users/yosef/Documents/Projects/Eaglepoint/TASK-req_f1d20d3ece96/repo/unit_tests/services/ViolationServiceTest.php" line="132" class="tests\services\ViolationServiceTest" classname="tests.services.ViolationServiceTest" assertions="3" time="0.000307"/>
        <testcase name="testCreateRuleThrowsWhenNameMissing" file="/Users/yosef/Documents/Projects/Eaglepoint/TASK-req_f1d20d3ece96/repo/unit_tests/services/ViolationServiceTest.php" line="148" class="tests\services\ViolationServiceTest" classname="tests.services.ViolationServiceTest" assertions="2" time="0.000235"/>
        <testcase name="testUpdateRuleModifiesFields" file="/Users/yosef/Documents/Projects/Eaglepoint/TASK-req_f1d20d3ece96/repo/unit_tests/services/ViolationServiceTest.php" line="156" class="tests\services\ViolationServiceTest" classname="tests.services.ViolationServiceTest" assertions="1" time="0.000398"/>
        <testcase name="testDeleteRuleRemovesRule" file="/Users/yosef/Documents/Projects/Eaglepoint/TASK-req_f1d20d3ece96/repo/unit_tests/services/ViolationServiceTest.php" line="166" class="tests\services\ViolationServiceTest" classname="tests.services.ViolationServiceTest" assertions="1" time="0.000364"/>
        <testcase name="testCreateViolationThrowsWhenMissingFields" file="/Users/yosef/Documents/Projects/Eaglepoint/TASK-req_f1d20d3ece96/repo/unit_tests/services/ViolationServiceTest.php" line="199" class="tests\services\ViolationServiceTest" classname="tests.services.ViolationServiceTest" assertions="2" time="0.000227"/>
        <testcase name="testSubmitAppealChangesStatusToUnderReview" file="/Users/yosef/Documents/Projects/Eaglepoint/TASK-req_f1d20d3ece96/repo/unit_tests/services/ViolationServiceTest.php" line="266" class="tests\services\ViolationServiceTest" classname="tests.services.ViolationServiceTest" assertions="3" time="0.000578"/>
        <testcase name="testSubmitAppealThrows403ForNonOwner" file="/Users/yosef/Documents/Projects/Eaglepoint/TASK-req_f1d20d3ece96/repo/unit_tests/services/ViolationServiceTest.php" line="281" class="tests\services\ViolationServiceTest" classname="tests.services.ViolationServiceTest" assertions="2" time="0.000341"/>
        <testcase name="testSubmitAppealSucceedsForAdmin" file="/Users/yosef/Documents/Projects/Eaglepoint/TASK-req_f1d20d3ece96/repo/unit_tests/services/ViolationServiceTest.php" line="293" class="tests\services\ViolationServiceTest" classname="tests.services.ViolationServiceTest" assertions="1" time="0.000501"/>
        <testcase name="testReviewAppealThrowsWithoutPermission" file="/Users/yosef/Documents/Projects/Eaglepoint/TASK-req_f1d20d3ece96/repo/unit_tests/services/ViolationServiceTest.php" line="321" class="tests\services\ViolationServiceTest" classname="tests.services.ViolationServiceTest" assertions="2" time="0.000516"/>
        <testcase name="testReviewAppealThrowsWhenNotesEmpty" file="/Users/yosef/Documents/Projects/Eaglepoint/TASK-req_f1d20d3ece96/repo/unit_tests/services/ViolationServiceTest.php" line="334" class="tests\services\ViolationServiceTest" classname="tests.services.ViolationServiceTest" assertions="2" time="0.000513"/>
        <testcase name="testReviewAppealSetsReviewerInfo" file="/Users/yosef/Documents/Projects/Eaglepoint/TASK-req_f1d20d3ece96/repo/unit_tests/services/ViolationServiceTest.php" line="304" class="tests\services\ViolationServiceTest" classname="tests.services.ViolationServiceTest" assertions="2" time="0.000638"/>
        <testcase name="testFinalDecisionUpholdApprovesViolation" file="/Users/yosef/Documents/Projects/Eaglepoint/TASK-req_f1d20d3ece96/repo/unit_tests/services/ViolationServiceTest.php" line="347" class="tests\services\ViolationServiceTest" classname="tests.services.ViolationServiceTest" assertions="1" time="0.000726"/>
      </testsuite>
      <testsuite name="tests\services\DashboardServiceTest" file="/Users/yosef/Documents/Projects/Eaglepoint/TASK-req_f1d20d3ece96/repo/unit_tests/services/DashboardServiceTest.php" tests="7" assertions="14" errors="0" failures="0" skipped="0" time="0.002166">
        <testcase name="testGetCustomReturnsLayoutFieldWhenEmpty" file="/Users/yosef/Documents/Projects/Eaglepoint/TASK-req_f1d20d3ece96/repo/unit_tests/services/DashboardServiceTest.php" line="33" class="tests\services\DashboardServiceTest" classname="tests.services.DashboardServiceTest" assertions="2" time="0.000367"/>
        <testcase name="testSaveCustomWithLayoutFieldPersistsCorrectly" file="/Users/yosef/Documents/Projects/Eaglepoint/TASK-req_f1d20d3ece96/repo/unit_tests/services/DashboardServiceTest.php" line="40" class="tests\services\DashboardServiceTest" classname="tests.services.DashboardServiceTest" assertions="2" time="0.000265"/>
        <testcase name="testGetCustomReturnsLayoutAfterSave" file="/Users/yosef/Documents/Projects/Eaglepoint/TASK-req_f1d20d3ece96/repo/unit_tests/services/DashboardServiceTest.php" line="49" class="tests\services\DashboardServiceTest" classname="tests.services.DashboardServiceTest" assertions="2" time="0.000284"/>
        <testcase name="testSaveCustomWithNameFieldWorks" file="/Users/yosef/Documents/Projects/Eaglepoint/TASK-req_f1d20d3ece96/repo/unit_tests/services/DashboardServiceTest.php" line="59" class="tests\services\DashboardServiceTest" classname="tests.services.DashboardServiceTest" assertions="1" time="0.000211"/>
        <testcase name="testSaveCustomUpsertsExistingDashboard" file="/Users/yosef/Documents/Projects/Eaglepoint/TASK-req_f1d20d3ece96/repo/unit_tests/services/DashboardServiceTest.php" line="69" class="tests\services\DashboardServiceTest" classname="tests.services.DashboardServiceTest" assertions="2" time="0.000404"/>
        <testcase name="testDeleteCustomRemovesDashboard" file="/Users/yosef/Documents/Projects/Eaglepoint/TASK-req_f1d20d3ece96/repo/unit_tests/services/DashboardServiceTest.php" line="81" class="tests\services\DashboardServiceTest" classname="tests.services.DashboardServiceTest" assertions="1" time="0.000255"/>
        <testcase name="testGetDefaultReturnsWidgetsStructure" file="/Users/yosef/Documents/Projects/Eaglepoint/TASK-req_f1d20d3ece96/repo/unit_tests/services/DashboardServiceTest.php" line="94" class="tests\services\DashboardServiceTest" classname="tests.services.DashboardServiceTest" assertions="4" time="0.000381"/>
      </testsuite>
      <testsuite name="tests\services\ShipmentServiceTest" file="/Users/yosef/Documents/Projects/Eaglepoint/TASK-req_f1d20d3ece96/repo/unit_tests/services/ShipmentServiceTest.php" tests="7" assertions="14" errors="0" failures="0" skipped="0" time="0.005192">
        <testcase name="testShipmentServiceCanBeInstantiated" file="/Users/yosef/Documents/Projects/Eaglepoint/TASK-req_f1d20d3ece96/repo/unit_tests/services/ShipmentServiceTest.php" line="41" class="tests\services\ShipmentServiceTest" classname="tests.services.ShipmentServiceTest" assertions="1" time="0.001764"/>
        <testcase name="testCreateShipmentReturnsValidStructure" file="/Users/yosef/Documents/Projects/Eaglepoint/TASK-req_f1d20d3ece96/repo/unit_tests/services/ShipmentServiceTest.php" line="50" class="tests\services\ShipmentServiceTest" classname="tests.services.ShipmentServiceTest" assertions="5" time="0.000761"/>
        <testcase name="testGetShipmentThrows404ForNonexistent" file="/Users/yosef/Documents/Projects/Eaglepoint/TASK-req_f1d20d3ece96/repo/unit_tests/services/ShipmentServiceTest.php" line="79" class="tests\services\ShipmentServiceTest" classname="tests.services.ShipmentServiceTest" assertions="2" time="0.000221"/>
        <testcase name="testProcessScanCreatesScanEvent" file="/Users/yosef/Documents/Projects/Eaglepoint/TASK-req_f1d20d3ece96/repo/unit_tests/services/ShipmentServiceTest.php" line="90" class="tests\services\ShipmentServiceTest" classname="tests.services.ShipmentServiceTest" assertions="2" time="0.000428"/>
        <testcase name="testReportExceptionUpdatesStatusToException" file="/Users/yosef/Documents/Projects/Eaglepoint/TASK-req_f1d20d3ece96/repo/unit_tests/services/ShipmentServiceTest.php" line="119" class="tests\services\ShipmentServiceTest" classname="tests.services.ShipmentServiceTest" assertions="2" time="0.000465"/>
        <testcase name="testGetShipmentReturnsShipment" file="/Users/yosef/Documents/Projects/Eaglepoint/TASK-req_f1d20d3ece96/repo/unit_tests/services/ShipmentServiceTest.php" line="71" class="tests\services\ShipmentServiceTest" classname="tests.services.ShipmentServiceTest" assertions="1" time="0.000325"/>
        <testcase name="testConfirmDeliveryUpdatesStatus" file="/Users/yosef/Documents/Projects/Eaglepoint/TASK-req_f1d20d3ece96/repo/unit_tests/services/ShipmentServiceTest.php" line="105" class="tests\services\ShipmentServiceTest" classname="tests.services.ShipmentServiceTest" assertions="1" time="0.001228"/>
      </testsuite>
    </testsuite>
    <testsuite name="api" tests="39" assertions="66" errors="0" failures="0" skipped="0" time="10.550693">
      <testsuite name="tests\api\AuthApiTest" file="/Users/yosef/Documents/Projects/Eaglepoint/TASK-req_f1d20d3ece96/repo/API_tests/AuthApiTest.php" tests="10" assertions="21" errors="0" failures="0" skipped="0" time="2.075179">
        <testcase name="testValidateTokenReturnsNullForInvalidToken" file="/Users/yosef/Documents/Projects/Eaglepoint/TASK-req_f1d20d3ece96/repo/API_tests/AuthApiTest.php" line="118" class="tests\api\AuthApiTest" classname="tests.api.AuthApiTest" assertions="1" time="0.000266"/>
        <testcase name="testLogoutInvalidatesSession" file="/Users/yosef/Documents/Projects/Eaglepoint/TASK-req_f1d20d3ece96/repo/API_tests/AuthApiTest.php" line="96" class="tests\api\AuthApiTest" classname="tests.api.AuthApiTest" assertions="1" time="0.188650"/>
        <testcase name="testUnlockAccountResetsFailedAttempts" file="/Users/yosef/Documents/Projects/Eaglepoint/TASK-req_f1d20d3ece96/repo/API_tests/AuthApiTest.php" line="125" class="tests\api\AuthApiTest" classname="tests.api.AuthApiTest" assertions="2" time="0.189189"/>
        <testcase name="testLoginThrowsForLockedAccount" file="/Users/yosef/Documents/Projects/Eaglepoint/TASK-req_f1d20d3ece96/repo/API_tests/AuthApiTest.php" line="44" class="tests\api\AuthApiTest" classname="tests.api.AuthApiTest" assertions="2" time="0.189355"/>
        <testcase name="testValidateTokenReturnsUserForValidToken" file="/Users/yosef/Documents/Projects/Eaglepoint/TASK-req_f1d20d3ece96/repo/API_tests/AuthApiTest.php" line="107" class="tests\api\AuthApiTest" classname="tests.api.AuthApiTest" assertions="2" time="0.190693"/>
        <testcase name="testLoginReturnsUserAndTokenOnSuccess" file="/Users/yosef/Documents/Projects/Eaglepoint/TASK-req_f1d20d3ece96/repo/API_tests/AuthApiTest.php" line="56" class="tests\api\AuthApiTest" classname="tests.api.AuthApiTest" assertions="6" time="0.376556"/>
        <testcase name="testLoginLocksAfterFiveFailedAttempts" file="/Users/yosef/Documents/Projects/Eaglepoint/TASK-req_f1d20d3ece96/repo/API_tests/AuthApiTest.php" line="84" class="tests\api\AuthApiTest" classname="tests.api.AuthApiTest" assertions="2" time="0.376805"/>
        <testcase name="testLoginReturnsInvalidCredentialsForUnknownUser" file="/Users/yosef/Documents/Projects/Eaglepoint/TASK-req_f1d20d3ece96/repo/API_tests/AuthApiTest.php" line="26" class="tests\api\AuthApiTest" classname="tests.api.AuthApiTest" assertions="2" time="0.000274"/>
        <testcase name="testLoginThrowsForDisabledAccount" file="/Users/yosef/Documents/Projects/Eaglepoint/TASK-req_f1d20d3ece96/repo/API_tests/AuthApiTest.php" line="34" class="tests\api\AuthApiTest" classname="tests.api.AuthApiTest" assertions="2" time="0.187874"/>
        <testcase name="testLoginIncrementsFailedAttemptsOnWrongPassword" file="/Users/yosef/Documents/Projects/Eaglepoint/TASK-req_f1d20d3ece96/repo/API_tests/AuthApiTest.php" line="70" class="tests\api\AuthApiTest" classname="tests.api.AuthApiTest" assertions="1" time="0.375517"/>
      </testsuite>
      <testsuite name="tests\api\HttpMiddlewareTest" file="/Users/yosef/Documents/Projects/Eaglepoint/TASK-req_f1d20d3ece96/repo/API_tests/HttpMiddlewareTest.php" tests="10" assertions="18" errors="0" failures="0" skipped="0" time="1.137632">
        <testcase name="testOperationsStaffCannotAccessUsersRead" file="/Users/yosef/Documents/Projects/Eaglepoint/TASK-req_f1d20d3ece96/repo/API_tests/HttpMiddlewareTest.php" line="177" class="tests\api\HttpMiddlewareTest" classname="tests.api.HttpMiddlewareTest" assertions="1" time="0.193163"/>
        <testcase name="testRbacMiddlewareReturns403WhenUserLacksPermission" file="/Users/yosef/Documents/Projects/Eaglepoint/TASK-req_f1d20d3ece96/repo/API_tests/HttpMiddlewareTest.php" line="126" class="tests\api\HttpMiddlewareTest" classname="tests.api.HttpMiddlewareTest" assertions="3" time="0.188870"/>
        <testcase name="testAuthMiddlewarePassesThroughForValidActiveToken" file="/Users/yosef/Documents/Projects/Eaglepoint/TASK-req_f1d20d3ece96/repo/API_tests/HttpMiddlewareTest.php" line="90" class="tests\api\HttpMiddlewareTest" classname="tests.api.HttpMiddlewareTest" assertions="4" time="0.188442"/>
        <testcase name="testAuthMiddlewareReturns401WithNoAuthorizationHeader" file="/Users/yosef/Documents/Projects/Eaglepoint/TASK-req_f1d20d3ece96/repo/API_tests/HttpMiddlewareTest.php" line="47" class="tests\api\HttpMiddlewareTest" classname="tests.api.HttpMiddlewareTest" assertions="2" time="0.000345"/>
        <testcase name="testAuthMiddlewareReturns401WithMalformedHeader" file="/Users/yosef/Documents/Projects/Eaglepoint/TASK-req_f1d20d3ece96/repo/API_tests/HttpMiddlewareTest.php" line="57" class="tests\api\HttpMiddlewareTest" classname="tests.api.HttpMiddlewareTest" assertions="1" time="0.000335"/>
        <testcase name="testAuthMiddlewareReturns401WithInvalidBearerToken" file="/Users/yosef/Documents/Projects/Eaglepoint/TASK-req_f1d20d3ece96/repo/API_tests/HttpMiddlewareTest.php" line="67" class="tests\api\HttpMiddlewareTest" classname="tests.api.HttpMiddlewareTest" assertions="1" time="0.000362"/>
        <testcase name="testRbacMiddlewareReturns401WhenNoUserAttachedToRequest" file="/Users/yosef/Documents/Projects/Eaglepoint/TASK-req_f1d20d3ece96/repo/API_tests/HttpMiddlewareTest.php" line="116" class="tests\api\HttpMiddlewareTest" classname="tests.api.HttpMiddlewareTest" assertions="1" time="0.000350"/>
        <testcase name="testRbacMiddlewarePassesThroughWhenUserHasPermission" file="/Users/yosef/Documents/Projects/Eaglepoint/TASK-req_f1d20d3ece96/repo/API_tests/HttpMiddlewareTest.php" line="140" class="tests\api\HttpMiddlewareTest" classname="tests.api.HttpMiddlewareTest" assertions="2" time="0.188946"/>
        <testcase name="testRbacMiddlewarePassesThroughWithNoPermissionRequired" file="/Users/yosef/Documents/Projects/Eaglepoint/TASK-req_f1d20d3ece96/repo/API_tests/HttpMiddlewareTest.php" line="158" class="tests\api\HttpMiddlewareTest" classname="tests.api.HttpMiddlewareTest" assertions="2" time="0.188208"/>
        <testcase name="testAuthMiddlewareReturns403ForInactiveUser" file="/Users/yosef/Documents/Projects/Eaglepoint/TASK-req_f1d20d3ece96/repo/API_tests/HttpMiddlewareTest.php" line="77" class="tests\api\HttpMiddlewareTest" classname="tests.api.HttpMiddlewareTest" assertions="1" time="0.188611"/>
      </testsuite>
      <testsuite name="tests\api\ObjectAuthTest" file="/Users/yosef/Documents/Projects/Eaglepoint/TASK-req_f1d20d3ece96/repo/API_tests/ObjectAuthTest.php" tests="11" assertions="18" errors="0" failures="0" skipped="0" time="6.207840">
        <testcase name="testAdminCanUpdateAnyStaffing" file="/Users/yosef/Documents/Projects/Eaglepoint/TASK-req_f1d20d3ece96/repo/API_tests/ObjectAuthTest.php" line="174" class="tests\api\ObjectAuthTest" classname="tests.api.ObjectAuthTest" assertions="1" time="0.567412"/>
        <testcase name="testAdminCanUpdateAnyTask" file="/Users/yosef/Documents/Projects/Eaglepoint/TASK-req_f1d20d3ece96/repo/API_tests/ObjectAuthTest.php" line="107" class="tests\api\ObjectAuthTest" classname="tests.api.ObjectAuthTest" assertions="1" time="0.563367"/>
        <testcase name="testAdminCanDeleteAnyChecklist" file="/Users/yosef/Documents/Projects/Eaglepoint/TASK-req_f1d20d3ece96/repo/API_tests/ObjectAuthTest.php" line="140" class="tests\api\ObjectAuthTest" classname="tests.api.ObjectAuthTest" assertions="1" time="0.562915"/>
        <testcase name="testOwnerCanUpdateOwnActivityTask" file="/Users/yosef/Documents/Projects/Eaglepoint/TASK-req_f1d20d3ece96/repo/API_tests/ObjectAuthTest.php" line="98" class="tests\api\ObjectAuthTest" classname="tests.api.ObjectAuthTest" assertions="1" time="0.564846"/>
        <testcase name="testNonOwnerCannotUpdateTaskInAnotherUsersActivity" file="/Users/yosef/Documents/Projects/Eaglepoint/TASK-req_f1d20d3ece96/repo/API_tests/ObjectAuthTest.php" line="68" class="tests\api\ObjectAuthTest" classname="tests.api.ObjectAuthTest" assertions="2" time="0.563101"/>
        <testcase name="testNonOwnerCannotUpdateTaskStatus" file="/Users/yosef/Documents/Projects/Eaglepoint/TASK-req_f1d20d3ece96/repo/API_tests/ObjectAuthTest.php" line="88" class="tests\api\ObjectAuthTest" classname="tests.api.ObjectAuthTest" assertions="2" time="0.565231"/>
        <testcase name="testNonOwnerCannotUpdateStaffingInAnotherUsersActivity" file="/Users/yosef/Documents/Projects/Eaglepoint/TASK-req_f1d20d3ece96/repo/API_tests/ObjectAuthTest.php" line="154" class="tests\api\ObjectAuthTest" classname="tests.api.ObjectAuthTest" assertions="2" time="0.563367"/>
        <testcase name="testNonOwnerCannotDeleteStaffingInAnotherUsersActivity" file="/Users/yosef/Documents/Projects/Eaglepoint/TASK-req_f1d20d3ece96/repo/API_tests/ObjectAuthTest.php" line="164" class="tests\api\ObjectAuthTest" classname="tests.api.ObjectAuthTest" assertions="2" time="0.564841"/>
        <testcase name="testNonOwnerCannotDeleteTaskInAnotherUsersActivity" file="/Users/yosef/Documents/Projects/Eaglepoint/TASK-req_f1d20d3ece96/repo/API_tests/ObjectAuthTest.php" line="78" class="tests\api\ObjectAuthTest" classname="tests.api.ObjectAuthTest" assertions="2" time="0.564401"/>
        <testcase name="testNonOwnerCannotUpdateChecklistInAnotherUsersActivity" file="/Users/yosef/Documents/Projects/Eaglepoint/TASK-req_f1d20d3ece96/repo/API_tests/ObjectAuthTest.php" line="120" class="tests\api\ObjectAuthTest" classname="tests.api.ObjectAuthTest" assertions="2" time="0.564976"/>
        <testcase name="testNonOwnerCannotDeleteChecklistInAnotherUsersActivity" file="/Users/yosef/Documents/Projects/Eaglepoint/TASK-req_f1d20d3ece96/repo/API_tests/ObjectAuthTest.php" line="130" class="tests\api\ObjectAuthTest" classname="tests.api.ObjectAuthTest" assertions="2" time="0.563383"/>
      </testsuite>
      <testsuite name="tests\api\OrderApiTest" file="/Users/yosef/Documents/Projects/Eaglepoint/TASK-req_f1d20d3ece96/repo/API_tests/OrderApiTest.php" tests="3" assertions="4" errors="0" failures="0" skipped="0" time="0.564483">
        <testcase name="testReviewerCanListAllOrders" file="/Users/yosef/Documents/Projects/Eaglepoint/TASK-req_f1d20d3ece96/repo/API_tests/OrderApiTest.php" line="39" class="tests\api\OrderApiTest" classname="tests.api.OrderApiTest" assertions="1" time="0.188189"/>
        <testcase name="testReviewerCanGetOrderByIdNotOwnedByThem" file="/Users/yosef/Documents/Projects/Eaglepoint/TASK-req_f1d20d3ece96/repo/API_tests/OrderApiTest.php" line="52" class="tests\api\OrderApiTest" classname="tests.api.OrderApiTest" assertions="2" time="0.187937"/>
        <testcase name="testRegularUserCannotSeeOtherUsersOrders" file="/Users/yosef/Documents/Projects/Eaglepoint/TASK-req_f1d20d3ece96/repo/API_tests/OrderApiTest.php" line="67" class="tests\api\OrderApiTest" classname="tests.api.OrderApiTest" assertions="1" time="0.188357"/>
      </testsuite>
      <testsuite name="tests\api\RbacApiTest" file="/Users/yosef/Documents/Projects/Eaglepoint/TASK-req_f1d20d3ece96/repo/API_tests/RbacApiTest.php" tests="5" assertions="5" errors="0" failures="0" skipped="0" time="0.565559">
        <testcase name="testUnauthenticatedTokenValidationReturnsNull" file="/Users/yosef/Documents/Projects/Eaglepoint/TASK-req_f1d20d3ece96/repo/API_tests/RbacApiTest.php" line="65" class="tests\api\RbacApiTest" classname="tests.api.RbacApiTest" assertions="1" time="0.000273"/>
        <testcase name="testEmptyTokenValidationReturnsNull" file="/Users/yosef/Documents/Projects/Eaglepoint/TASK-req_f1d20d3ece96/repo/API_tests/RbacApiTest.php" line="73" class="tests\api\RbacApiTest" classname="tests.api.RbacApiTest" assertions="1" time="0.000223"/>
        <testcase name="testAdministratorHasUsersReadPermission" file="/Users/yosef/Documents/Projects/Eaglepoint/TASK-req_f1d20d3ece96/repo/API_tests/RbacApiTest.php" line="47" class="tests\api\RbacApiTest" classname="tests.api.RbacApiTest" assertions="1" time="0.189083"/>
        <testcase name="testRegularUserDoesNotHaveViolationRulesPermission" file="/Users/yosef/Documents/Projects/Eaglepoint/TASK-req_f1d20d3ece96/repo/API_tests/RbacApiTest.php" line="56" class="tests\api\RbacApiTest" classname="tests.api.RbacApiTest" assertions="1" time="0.187960"/>
        <testcase name="testRegularUserDoesNotHaveUsersReadPermission" file="/Users/yosef/Documents/Projects/Eaglepoint/TASK-req_f1d20d3ece96/repo/API_tests/RbacApiTest.php" line="38" class="tests\api\RbacApiTest" classname="tests.api.RbacApiTest" assertions="1" time="0.188020"/>
      </testsuite>
    </testsuite>
    <testsuite name="e2e" tests="5" assertions="13" errors="0" failures="0" skipped="0" time="3.196877">
      <testsuite name="tests\e2e\AuthFlowTest" file="/Users/yosef/Documents/Projects/Eaglepoint/TASK-req_f1d20d3ece96/repo/e2e_tests/AuthFlowTest.php" tests="5" assertions="13" errors="0" failures="0" skipped="0" time="3.196877">
        <testcase name="testAccountRecoveryAfterLockout" file="/Users/yosef/Documents/Projects/Eaglepoint/TASK-req_f1d20d3ece96/repo/e2e_tests/AuthFlowTest.php" line="109" class="tests\e2e\AuthFlowTest" classname="tests.e2e.AuthFlowTest" assertions="2" time="0.187930"/>
        <testcase name="testFullAuthLifecycle" file="/Users/yosef/Documents/Projects/Eaglepoint/TASK-req_f1d20d3ece96/repo/e2e_tests/AuthFlowTest.php" line="37" class="tests\e2e\AuthFlowTest" classname="tests.e2e.AuthFlowTest" assertions="5" time="0.376004"/>
        <testcase name="testMultipleUserSessions" file="/Users/yosef/Documents/Projects/Eaglepoint/TASK-req_f1d20d3ece96/repo/e2e_tests/AuthFlowTest.php" line="63" class="tests\e2e\AuthFlowTest" classname="tests.e2e.AuthFlowTest" assertions="3" time="0.750736"/>
        <testcase name="testRoleBasedAccessInSession" file="/Users/yosef/Documents/Projects/Eaglepoint/TASK-req_f1d20d3ece96/repo/e2e_tests/AuthFlowTest.php" line="127" class="tests\e2e\AuthFlowTest" classname="tests.e2e.AuthFlowTest" assertions="2" time="0.751227"/>
        <testcase name="testLoginFailureIncrementSecurity" file="/Users/yosef/Documents/Projects/Eaglepoint/TASK-req_f1d20d3ece96/repo/e2e_tests/AuthFlowTest.php" line="88" class="tests\e2e\AuthFlowTest" classname="tests.e2e.AuthFlowTest" assertions="1" time="1.130981"/>
      </testsuite>
    </testsuite>
  </testsuite>
</testsuites>
